SF:lib/api_data/users/user_api_data.dart
DA:7,0
LF:1
LH:0
end_of_record
SF:lib/api_server.dart
DA:6,1
DA:7,0
DA:8,0
DA:9,0
DA:11,0
DA:20,0
DA:21,0
DA:22,0
DA:23,0
DA:25,0
DA:26,0
DA:27,0
LF:12
LH:1
end_of_record
SF:lib/events.dart
DA:10,0
DA:15,1
DA:22,2
DA:25,1
DA:26,2
DA:29,1
DA:30,2
DA:34,1
DA:35,2
LF:9
LH:8
end_of_record
SF:lib/injection.dart
DA:5,0
DA:7,0
DA:9,0
LF:3
LH:0
end_of_record
SF:lib/users/data/api/user_provider_impl.dart
DA:14,0
DA:16,0
DA:22,0
DA:23,0
DA:24,0
DA:25,0
DA:26,0
DA:27,0
DA:29,0
DA:30,0
DA:36,0
DA:41,0
DA:42,0
DA:43,0
DA:45,0
DA:46,0
DA:51,0
DA:54,0
DA:57,0
DA:60,0
DA:61,0
LF:21
LH:0
end_of_record
SF:lib/users/data/dto/address.dart
DA:11,0
DA:14,0
DA:17,0
DA:19,0
DA:21,0
DA:23,0
DA:30,0
DA:31,0
LF:8
LH:0
end_of_record
SF:lib/users/data/dto/address.g.dart
DA:9,0
DA:10,0
DA:11,0
DA:12,0
DA:13,0
DA:16,0
DA:17,0
DA:18,0
DA:19,0
DA:20,0
LF:10
LH:0
end_of_record
SF:lib/users/data/dto/geo.dart
DA:8,0
DA:9,0
DA:12,0
DA:14,0
DA:16,0
DA:18,0
DA:23,0
LF:7
LH:0
end_of_record
SF:lib/users/data/dto/geo.g.dart
DA:9,0
DA:10,0
DA:11,0
DA:14,0
DA:15,0
DA:16,0
LF:6
LH:0
end_of_record
SF:lib/users/data/dto/user.dart
DA:16,0
DA:19,0
DA:22,0
DA:24,0
DA:26,0
LF:5
LH:0
end_of_record
SF:lib/users/data/dto/user.g.dart
DA:9,0
DA:10,0
DA:11,0
DA:12,0
DA:13,0
DA:14,0
DA:15,0
DA:16,0
DA:19,0
DA:20,0
DA:21,0
DA:22,0
DA:23,0
DA:24,0
DA:25,0
DA:26,0
LF:16
LH:0
end_of_record
SF:lib/users/data/repository/user_repository_impl.dart
DA:13,0
DA:15,0
DA:18,0
DA:19,0
DA:20,0
DA:22,0
DA:23,0
DA:27,0
DA:30,0
DA:31,0
DA:33,0
DA:37,0
DA:39,0
DA:40,0
DA:41,0
DA:42,0
DA:43,0
DA:44,0
DA:45,0
DA:49,0
DA:52,0
DA:55,0
DA:56,0
LF:23
LH:0
end_of_record
SF:lib/users/domain/models/address_data.dart
DA:6,0
DA:8,0
DA:12,0
DA:16,0
DA:18,0
LF:5
LH:0
end_of_record
SF:lib/users/domain/models/user_data.dart
DA:10,0
DA:12,0
DA:19,0
DA:20,0
DA:24,0
DA:26,0
LF:6
LH:0
end_of_record
SF:lib/users/domain/models/user_data_mapper.dart
DA:8,0
DA:9,0
DA:10,0
LF:3
LH:0
end_of_record
SF:lib/api_data/posts/post_api_data.dart
DA:6,0
LF:1
LH:0
end_of_record
SF:lib/navigation/bloc/data_testing_events_bloc.dart
DA:9,1
DA:13,1
DA:17,1
DA:20,1
DA:23,1
DA:30,0
DA:31,0
DA:32,0
DA:33,0
DA:38,0
DA:41,0
DA:44,0
DA:47,0
LF:13
LH:5
end_of_record
SF:lib/navigation/go_route_post.dart
DA:16,0
DA:18,0
DA:19,0
DA:20,0
DA:22,0
DA:23,0
DA:24,0
DA:25,0
DA:26,0
DA:28,0
DA:29,0
DA:36,0
LF:12
LH:0
end_of_record
SF:lib/navigation/go_route_user.dart
DA:17,0
DA:19,0
DA:20,0
DA:21,0
DA:23,0
DA:26,0
DA:27,0
DA:29,0
DA:30,0
DA:41,0
DA:42,0
DA:44,0
DA:46,0
DA:47,0
DA:58,0
DA:59,0
DA:61,0
DA:62,0
DA:63,0
DA:64,0
DA:75,0
LF:21
LH:0
end_of_record
SF:lib/posts/data/api/post_provider_impl.dart
DA:13,0
DA:15,0
DA:20,0
DA:21,0
DA:22,0
DA:24,0
DA:25,0
DA:31,0
DA:34,0
LF:9
LH:0
end_of_record
SF:lib/posts/data/repository/post_repository_impl.dart
DA:13,0
DA:15,0
DA:18,0
DA:19,0
DA:20,0
DA:22,0
DA:23,0
DA:27,0
DA:30,0
DA:31,0
DA:33,0
LF:11
LH:0
end_of_record
SF:lib/posts/domain/models/post_data_mapper.dart
DA:7,0
DA:8,0
LF:2
LH:0
end_of_record
SF:lib/posts/presentation/bloc/post_state.dart
DA:5,1
DA:6,0
DA:7,0
DA:11,1
DA:19,0
DA:25,0
DA:26,0
DA:27,0
DA:31,1
LF:9
LH:3
end_of_record
SF:lib/posts/presentation/bloc/post_event.dart
DA:5,1
DA:11,1
LF:2
LH:2
end_of_record
SF:lib/posts/presentation/bloc/post_bloc.dart
DA:16,0
DA:17,0
DA:18,0
DA:19,0
DA:20,0
DA:22,0
DA:23,0
DA:24,0
DA:25,0
DA:27,0
DA:29,0
DA:32,0
LF:12
LH:0
end_of_record
SF:lib/users/domain/models/address_mapper.dart
DA:10,0
DA:11,0
LF:2
LH:0
end_of_record
SF:lib/users/presentation/bloc/all_users/users_bloc.dart
DA:19,0
DA:21,0
DA:22,0
DA:23,0
DA:24,0
DA:26,0
DA:27,0
DA:30,0
DA:31,0
DA:34,0
DA:35,0
DA:38,0
DA:40,0
DA:41,0
DA:42,0
DA:43,0
DA:44,0
DA:45,0
DA:46,0
DA:47,0
DA:48,0
DA:49,0
DA:55,0
DA:57,0
DA:58,0
LF:25
LH:0
end_of_record
SF:lib/users/presentation/bloc/individ/individ_bloc.dart
DA:18,0
DA:19,0
DA:20,0
DA:21,0
DA:23,0
DA:26,0
DA:28,0
DA:30,0
DA:32,0
DA:34,0
DA:36,0
DA:37,0
DA:38,0
DA:39,0
DA:40,0
DA:42,0
DA:43,0
DA:44,0
DA:45,0
DA:46,0
DA:47,0
LF:21
LH:0
end_of_record
SF:lib/yandex_map/data/repository/yandex_coder_repository.dart
DA:13,0
DA:14,0
DA:16,0
DA:19,0
DA:21,0
DA:22,0
DA:26,0
DA:27,0
DA:28,0
DA:29,0
DA:30,0
DA:32,0
DA:35,0
DA:39,0
DA:40,0
DA:44,0
DA:46,0
DA:47,0
DA:51,0
DA:52,0
DA:53,0
DA:55,0
DA:56,0
LF:23
LH:0
end_of_record
SF:lib/posts/presentation/post_screen.dart
DA:9,1
DA:11,0
DA:12,0
DA:34,0
DA:36,0
DA:37,0
DA:38,0
DA:39,0
DA:42,0
DA:43,0
DA:44,0
DA:45,0
DA:46,0
DA:47,0
DA:48,0
DA:49,0
DA:50,0
DA:51,0
DA:54,0
DA:56,0
DA:59,0
DA:60,0
DA:66,0
LF:23
LH:1
end_of_record
SF:lib/users/presentation/users_screen.dart
DA:10,1
DA:12,0
DA:13,0
DA:19,0
DA:20,0
DA:22,0
DA:24,0
DA:25,0
DA:26,0
DA:27,0
DA:30,0
DA:31,0
DA:32,0
DA:33,0
DA:34,0
DA:35,0
DA:36,0
DA:37,0
DA:38,0
DA:39,0
DA:40,0
DA:41,0
DA:43,0
DA:45,0
DA:48,0
DA:50,0
DA:53,0
DA:54,0
DA:56,0
DA:57,0
DA:58,0
DA:60,0
DA:61,0
DA:71,0
LF:34
LH:1
end_of_record
SF:lib/yandex_map/presentation/pages/map_screen.dart
DA:43,0
DA:45,0
DA:46,0
DA:56,0
DA:57,0
DA:60,0
DA:132,0
DA:133,0
DA:134,0
DA:135,0
DA:137,0
DA:138,0
DA:139,0
DA:142,0
DA:144,0
DA:145,0
DA:146,0
DA:147,0
DA:148,0
DA:171,0
DA:172,0
DA:173,0
DA:179,0
DA:180,0
DA:182,0
DA:184,0
DA:185,0
DA:186,0
DA:191,0
DA:192,0
DA:193,0
DA:196,0
DA:197,0
DA:198,0
DA:199,0
DA:206,0
DA:207,0
DA:208,0
DA:209,0
DA:211,0
DA:212,0
DA:214,0
DA:215,0
DA:216,0
DA:217,0
DA:218,0
DA:219,0
DA:220,0
DA:221,0
DA:224,0
DA:227,0
DA:231,0
DA:232,0
DA:233,0
DA:234,0
DA:235,0
DA:236,0
DA:239,0
DA:246,0
DA:247,0
DA:248,0
DA:249,0
DA:259,0
DA:260,0
DA:263,0
DA:265,0
DA:270,0
DA:271,0
DA:272,0
DA:273,0
DA:274,0
DA:275,0
DA:276,0
DA:279,0
DA:280,0
DA:281,0
DA:282,0
DA:283,0
DA:284,0
DA:287,0
DA:288,0
DA:289,0
DA:290,0
DA:291,0
DA:294,0
DA:296,0
DA:297,0
DA:298,0
DA:299,0
DA:300,0
DA:301,0
DA:302,0
DA:303,0
DA:308,0
DA:309,0
DA:310,0
DA:311,0
DA:312,0
DA:313,0
DA:314,0
DA:315,0
DA:318,0
DA:320,0
DA:321,0
DA:322,0
DA:324,0
DA:325,0
DA:326,0
DA:328,0
DA:332,0
DA:333,0
DA:334,0
DA:337,0
DA:339,0
DA:344,0
DA:345,0
DA:346,0
DA:347,0
DA:348,0
DA:349,0
DA:350,0
DA:353,0
DA:354,0
DA:355,0
DA:356,0
DA:357,0
DA:358,0
DA:361,0
DA:363,0
DA:364,0
DA:365,0
DA:366,0
DA:367,0
DA:368,0
DA:369,0
DA:370,0
DA:374,0
DA:386,0
DA:392,0
DA:393,0
DA:394,0
DA:396,0
DA:402,0
DA:405,0
DA:407,0
DA:412,0
DA:413,0
DA:414,0
DA:415,0
DA:416,0
DA:419,0
DA:420,0
DA:421,0
DA:422,0
DA:423,0
DA:427,0
DA:428,0
DA:429,0
DA:430,0
DA:431,0
DA:435,0
DA:436,0
DA:438,0
DA:439,0
DA:440,0
DA:441,0
DA:443,0
DA:444,0
DA:446,0
DA:452,0
DA:454,0
DA:455,0
DA:456,0
DA:457,0
DA:458,0
DA:459,0
DA:460,0
DA:461,0
DA:463,0
DA:464,0
DA:467,0
DA:468,0
DA:473,0
DA:481,0
DA:482,0
DA:484,0
DA:486,0
DA:490,0
DA:492,0
DA:498,0
DA:500,0
DA:501,0
DA:512,0
DA:514,0
DA:519,0
DA:520,0
DA:521,0
DA:524,0
DA:526,0
DA:527,0
DA:529,0
DA:532,0
DA:533,0
DA:534,0
DA:537,0
DA:539,0
DA:540,0
DA:541,0
DA:551,0
DA:553,0
DA:562,0
DA:565,0
DA:567,0
DA:572,0
DA:573,0
DA:576,0
DA:588,0
DA:589,0
DA:591,0
DA:597,0
DA:599,0
DA:601,0
DA:602,0
DA:605,0
DA:611,0
DA:616,0
DA:618,0
DA:619,0
DA:620,0
DA:621,0
DA:622,0
DA:623,0
DA:624,0
DA:626,0
DA:631,0
DA:633,0
DA:634,0
DA:635,0
DA:680,0
DA:681,0
DA:682,0
DA:683,0
DA:684,0
DA:686,0
DA:687,0
DA:688,0
DA:694,0
DA:696,0
DA:697,0
DA:699,0
DA:700,0
DA:702,0
DA:709,0
DA:710,0
DA:711,0
DA:712,0
DA:715,0
DA:717,0
DA:718,0
DA:719,0
DA:720,0
DA:721,0
DA:722,0
DA:723,0
DA:724,0
DA:725,0
DA:742,0
LF:267
LH:0
end_of_record
SF:lib/users/presentation/individ_screen.dart
DA:13,0
DA:15,0
DA:17,0
DA:25,1
DA:27,0
DA:28,0
DA:35,0
DA:37,0
DA:40,0
DA:42,0
DA:43,0
DA:44,0
DA:45,0
DA:47,0
DA:51,0
DA:53,0
DA:54,0
DA:55,0
DA:57,0
DA:58,0
DA:59,0
DA:60,0
DA:62,0
DA:63,0
DA:64,0
DA:65,0
DA:66,0
DA:67,0
DA:69,0
DA:72,0
DA:73,0
DA:75,0
DA:76,0
DA:77,0
DA:79,0
DA:80,0
DA:81,0
DA:85,0
DA:86,0
DA:87,0
DA:89,0
DA:90,0
DA:91,0
DA:95,0
DA:96,0
DA:98,0
DA:99,0
DA:101,0
DA:104,0
LF:49
LH:1
end_of_record
SF:lib/yandex_map/presentation/pages/order_page.dart
DA:6,0
DA:8,0
DA:9,0
DA:13,0
DA:15,0
DA:16,0
DA:17,0
LF:7
LH:0
end_of_record
SF:lib/posts/data/dto/post.dart
DA:12,0
DA:15,0
DA:18,0
LF:3
LH:0
end_of_record
SF:lib/posts/data/dto/post.g.dart
DA:9,0
DA:10,0
DA:11,0
DA:12,0
DA:13,0
DA:16,0
DA:17,0
DA:18,0
DA:19,0
DA:20,0
LF:10
LH:0
end_of_record
SF:lib/posts/domain/models/post_data.dart
DA:11,0
DA:13,0
DA:19,0
DA:20,0
DA:23,0
DA:25,0
LF:6
LH:0
end_of_record
SF:lib/users/presentation/bloc/all_users/users_event.dart
DA:5,0
DA:11,0
DA:16,0
DA:21,0
DA:27,0
LF:5
LH:0
end_of_record
SF:lib/users/presentation/bloc/all_users/users_state.dart
DA:4,1
DA:9,1
DA:15,0
DA:20,0
DA:25,1
LF:5
LH:3
end_of_record
SF:lib/users/presentation/bloc/individ/individ_event.dart
DA:5,0
DA:11,0
DA:16,0
DA:22,0
DA:28,0
LF:5
LH:0
end_of_record
SF:lib/users/presentation/bloc/individ/individ_state.dart
DA:4,1
DA:9,1
DA:15,0
DA:20,0
DA:25,1
LF:5
LH:3
end_of_record
SF:lib/yandex_map/presentation/bloc/data_bloc.dart
DA:8,0
DA:9,0
DA:10,0
DA:15,0
DA:16,0
DA:17,0
DA:24,1
DA:30,0
DA:36,1
DA:37,0
DA:38,0
DA:48,0
DA:49,0
DA:50,0
DA:51,0
DA:52,0
DA:53,0
LF:17
LH:2
end_of_record
SF:lib/yandex_map/presentation/pages/dialogs/warning_dialog.dart
DA:16,0
DA:20,0
DA:25,0
DA:30,0
DA:31,0
DA:40,0
DA:42,0
DA:43,0
DA:44,0
DA:45,0
DA:46,0
DA:47,0
DA:49,0
DA:50,0
DA:52,0
DA:53,0
DA:54,0
DA:56,0
DA:57,0
DA:58,0
DA:59,0
DA:61,0
DA:62,0
DA:63,0
DA:64,0
DA:74,0
DA:75,0
DA:76,0
DA:79,0
DA:93,0
DA:96,0
DA:101,0
DA:106,0
DA:107,0
DA:115,0
DA:116,0
DA:123,0
DA:125,0
DA:128,0
DA:130,0
DA:131,0
DA:132,0
DA:133,0
DA:134,0
DA:135,0
DA:137,0
DA:138,0
DA:140,0
DA:141,0
DA:142,0
DA:144,0
DA:145,0
DA:146,0
DA:147,0
DA:149,0
DA:150,0
DA:151,0
DA:152,0
DA:154,0
DA:162,0
DA:163,0
DA:164,0
DA:167,0
DA:168,0
DA:170,0
DA:171,0
DA:176,0
DA:177,0
DA:178,0
DA:179,0
DA:185,0
DA:186,0
LF:72
LH:0
end_of_record
SF:lib/yandex_map/domain/models/map_point.dart
DA:2,1
LF:1
LH:1
end_of_record
SF:lib/yandex_map/presentation/map_listeners/cluster_listener.dart
DA:22,0
DA:26,0
DA:28,0
DA:29,0
DA:30,0
DA:31,0
DA:32,0
DA:33,0
DA:37,0
DA:47,0
DA:48,0
DA:50,0
DA:51,0
DA:52,0
DA:53,0
DA:55,0
DA:56,0
DA:57,0
LF:18
LH:0
end_of_record
SF:lib/yandex_map/presentation/pages/info_placemark_screen.dart
DA:6,0
DA:8,0
DA:9,0
DA:24,0
DA:26,0
DA:28,0
DA:29,0
DA:31,0
DA:32,0
DA:35,0
DA:36,0
DA:37,0
DA:38,0
DA:39,0
DA:40,0
DA:41,0
DA:42,0
DA:43,0
DA:44,0
DA:47,0
DA:48,0
DA:49,0
DA:54,0
DA:57,0
DA:59,0
DA:62,0
DA:64,0
DA:65,0
DA:67,0
DA:70,0
DA:72,0
DA:73,0
DA:74,0
DA:75,0
DA:76,0
DA:80,0
DA:81,0
DA:87,0
DA:88,0
DA:89,0
DA:91,0
DA:92,0
DA:95,0
DA:96,0
DA:100,0
DA:101,0
DA:102,0
DA:103,0
DA:109,0
DA:111,0
DA:112,0
DA:113,0
DA:114,0
DA:116,0
DA:117,0
DA:118,0
DA:119,0
DA:120,0
DA:123,0
DA:124,0
DA:125,0
DA:127,0
DA:130,0
DA:145,0
DA:147,0
DA:148,0
DA:152,0
DA:154,0
DA:157,0
DA:159,0
DA:162,0
DA:164,0
DA:167,0
DA:168,0
DA:172,0
DA:179,0
DA:183,0
DA:184,0
DA:191,0
DA:193,0
DA:197,0
DA:198,0
DA:199,0
DA:200,0
DA:201,0
DA:203,0
DA:204,0
DA:207,0
DA:209,0
DA:210,0
DA:213,0
DA:215,0
DA:218,0
DA:219,0
DA:220,0
DA:221,0
DA:223,0
DA:224,0
DA:230,0
DA:231,0
DA:240,0
DA:242,0
DA:243,0
DA:244,0
DA:245,0
DA:246,0
DA:247,0
DA:250,0
DA:251,0
DA:252,0
DA:257,0
DA:258,0
DA:259,0
DA:260,0
LF:114
LH:0
end_of_record
SF:lib/yandex_map/presentation/map_listeners/tap_label_listener.dart
DA:13,0
DA:16,0
DA:21,0
DA:22,0
DA:23,0
DA:24,0
DA:25,0
DA:34,0
DA:36,0
DA:38,0
DA:39,0
DA:40,0
DA:41,0
DA:42,0
DA:51,0
DA:55,0
DA:57,0
DA:59,0
LF:18
LH:0
end_of_record
SF:lib/yandex_map/presentation/map_listeners/geobject_tap_listener.dart
DA:21,0
DA:23,0
DA:25,0
DA:26,0
DA:27,0
DA:28,0
DA:30,0
DA:31,0
DA:32,0
DA:33,0
DA:34,0
DA:36,0
LF:12
LH:0
end_of_record
SF:lib/yandex_map/presentation/map_listeners/map_camera_listener.dart
DA:16,0
LF:1
LH:0
end_of_record
SF:lib/yandex_map/presentation/map_listeners/map_input_listener.dart
DA:14,0
DA:16,0
DA:20,0
LF:3
LH:0
end_of_record
